C:\USERS\USER\DOCUMENTS\PGT_TEAM2\PGT2\DEBUG\GAME.EXE
C:\USERS\USER\DOCUMENTS\PGT_TEAM2\PGT2\DEBUG\GAME.ILK
C:\USERS\USER\DOCUMENTS\PGT_TEAM2\PGT2\DEBUG\GAME.PDB
C:\Users\User\Documents\PGT_Team2\PGT2\Game\Debug\BaseApplication.obj
C:\Users\User\Documents\PGT_Team2\PGT2\Game\Debug\cl.command.1.tlog
C:\Users\User\Documents\PGT_Team2\PGT2\Game\Debug\CL.read.1.tlog
C:\Users\User\Documents\PGT_Team2\PGT2\Game\Debug\CL.write.1.tlog
C:\Users\User\Documents\PGT_Team2\PGT2\Game\Debug\Game.exe.embed.manifest
C:\USERS\USER\DOCUMENTS\PGT_TEAM2\PGT2\GAME\DEBUG\GAME.EXE.EMBED.MANIFEST.RES
C:\USERS\USER\DOCUMENTS\PGT_TEAM2\PGT2\GAME\DEBUG\GAME.EXE.INTERMEDIATE.MANIFEST
C:\Users\User\Documents\PGT_Team2\PGT2\Game\Debug\Game_manifest.rc
C:\Users\User\Documents\PGT_Team2\PGT2\Game\Debug\link.8272.read.1.tlog
C:\Users\User\Documents\PGT_Team2\PGT2\Game\Debug\link.8272.write.1.tlog
C:\Users\User\Documents\PGT_Team2\PGT2\Game\Debug\link.8272-cvtres.read.1.tlog
C:\Users\User\Documents\PGT_Team2\PGT2\Game\Debug\link.8272-cvtres.write.1.tlog
C:\Users\User\Documents\PGT_Team2\PGT2\Game\Debug\link.command.1.tlog
C:\Users\User\Documents\PGT_Team2\PGT2\Game\Debug\link.read.1.tlog
C:\Users\User\Documents\PGT_Team2\PGT2\Game\Debug\link.write.1.tlog
C:\Users\User\Documents\PGT_Team2\PGT2\Game\Debug\link-cvtres.read.1.tlog
C:\Users\User\Documents\PGT_Team2\PGT2\Game\Debug\link-cvtres.write.1.tlog
C:\Users\User\Documents\PGT_Team2\PGT2\Game\Debug\mt.command.1.tlog
C:\Users\User\Documents\PGT_Team2\PGT2\Game\Debug\mt.read.1.tlog
C:\Users\User\Documents\PGT_Team2\PGT2\Game\Debug\mt.write.1.tlog
C:\Users\User\Documents\PGT_Team2\PGT2\Game\Debug\rc.command.1.tlog
C:\Users\User\Documents\PGT_Team2\PGT2\Game\Debug\rc.read.1.tlog
C:\Users\User\Documents\PGT_Team2\PGT2\Game\Debug\rc.write.1.tlog
C:\Users\User\Documents\PGT_Team2\PGT2\Game\Debug\TutorialApplication.obj
C:\Users\User\Documents\PGT_Team2\PGT2\Game\Debug\vc100.idb
C:\USERS\USER\DOCUMENTS\PGT_TEAM2\PGT2\GAME\DEBUG\VC100.PDB
C:\Users\User\Documents\PGT_Team2\PGT2\Game\Debug\vc140.idb
C:\Users\User\Documents\PGT_Team2\PGT2\Game\Debug\vc140.pdb
C:\USERS\USER\DOCUMENTS\VISUAL STUDIO 2015\PROJECTS\PGT2\DEBUG\GAME.EXE
C:\USERS\USER\DOCUMENTS\VISUAL STUDIO 2015\PROJECTS\PGT2\DEBUG\GAME.ILK
C:\USERS\USER\DOCUMENTS\VISUAL STUDIO 2015\PROJECTS\PGT2\DEBUG\GAME.PDB
C:\USERS\USER\DOCUMENTS\VISUAL STUDIO 2015\PROJECTS\PGT2\GAME\DEBUG\BASEAPPLICATION.OBJ
C:\USERS\USER\DOCUMENTS\VISUAL STUDIO 2015\PROJECTS\PGT2\GAME\DEBUG\GAME.EXE.EMBED.MANIFEST
C:\USERS\USER\DOCUMENTS\VISUAL STUDIO 2015\PROJECTS\PGT2\GAME\DEBUG\GAME.EXE.EMBED.MANIFEST.RES
C:\USERS\USER\DOCUMENTS\VISUAL STUDIO 2015\PROJECTS\PGT2\GAME\DEBUG\GAME.EXE.INTERMEDIATE.MANIFEST
C:\USERS\USER\DOCUMENTS\VISUAL STUDIO 2015\PROJECTS\PGT2\GAME\DEBUG\TUTORIALAPPLICATION.OBJ
C:\USERS\USER\DOCUMENTS\VISUAL STUDIO 2015\PROJECTS\PGT2\GAME\DEBUG\VC100.PDB
